running develop
running egg_info
creating path_generation.egg-info
writing path_generation.egg-info/PKG-INFO
writing dependency_links to path_generation.egg-info/dependency_links.txt
writing entry points to path_generation.egg-info/entry_points.txt
writing requirements to path_generation.egg-info/requires.txt
writing top-level names to path_generation.egg-info/top_level.txt
writing manifest file 'path_generation.egg-info/SOURCES.txt'
reading manifest file 'path_generation.egg-info/SOURCES.txt'
writing manifest file 'path_generation.egg-info/SOURCES.txt'
running build_ext
Creating /home/yoonho/ABC2025_main_controller/src/install/path_generation/lib/python3.8/site-packages/path-generation.egg-link (link to .)
Installing Drone_Commander script to /home/yoonho/ABC2025_main_controller/src/install/path_generation/lib/path_generation
Installing astar_fixed_start script to /home/yoonho/ABC2025_main_controller/src/install/path_generation/lib/path_generation
Installing astar_fixed_start_edited script to /home/yoonho/ABC2025_main_controller/src/install/path_generation/lib/path_generation
Installing astar_fixed_start_simulation script to /home/yoonho/ABC2025_main_controller/src/install/path_generation/lib/path_generation
Installing astar_zed_start script to /home/yoonho/ABC2025_main_controller/src/install/path_generation/lib/path_generation
Installing dstar_bezier_path_planner script to /home/yoonho/ABC2025_main_controller/src/install/path_generation/lib/path_generation
Installing pointcloud script to /home/yoonho/ABC2025_main_controller/src/install/path_generation/lib/path_generation
Installing publish_pcd script to /home/yoonho/ABC2025_main_controller/src/install/path_generation/lib/path_generation

Installed /home/yoonho/ABC2025_main_controller/src/build/path_generation
running symlink_data
creating /home/yoonho/ABC2025_main_controller/src/install/path_generation/share/ament_index/resource_index/packages
symbolically linking /home/yoonho/ABC2025_main_controller/src/build/path_generation/resource/path_generation -> /home/yoonho/ABC2025_main_controller/src/install/path_generation/share/ament_index/resource_index/packages
symbolically linking /home/yoonho/ABC2025_main_controller/src/build/path_generation/package.xml -> /home/yoonho/ABC2025_main_controller/src/install/path_generation/share/path_generation
