[0.763s] DEBUG:colcon:Command line arguments: ['/usr/bin/colcon', 'build', '--symlink-install', '--packages-select', 'drone_controller']
[0.763s] DEBUG:colcon:Parsed command line arguments: Namespace(allow_overriding=[], ament_cmake_args=None, base_paths=['.'], build_base='build', catkin_cmake_args=None, catkin_skip_building_tests=False, cmake_args=None, cmake_clean_cache=False, cmake_clean_first=False, cmake_force_configure=False, cmake_target=None, cmake_target_skip_unavailable=False, continue_on_error=False, event_handlers=None, executor='parallel', ignore_user_meta=False, install_base='install', log_base=None, log_level=None, main=<bound method BuildVerb.main of <colcon_core.verb.build.BuildVerb object at 0x7f76ccd24f10>>, merge_install=False, metas=['./colcon.meta'], packages_above=None, packages_above_and_dependencies=None, packages_above_depth=None, packages_end=None, packages_ignore=None, packages_ignore_regex=None, packages_select=['drone_controller'], packages_select_build_failed=False, packages_select_by_dep=None, packages_select_regex=None, packages_select_test_failures=False, packages_skip=None, packages_skip_build_finished=False, packages_skip_by_dep=None, packages_skip_regex=None, packages_skip_test_passed=False, packages_skip_up_to=None, packages_start=None, packages_up_to=None, packages_up_to_regex=None, parallel_workers=8, paths=None, symlink_install=True, test_result_base=None, verb_extension=<colcon_core.verb.build.BuildVerb object at 0x7f76ccd24f10>, verb_name='build', verb_parser=<colcon_defaults.argument_parser.defaults.DefaultArgumentsDecorator object at 0x7f76ccd2e670>)
[0.903s] Level 1:colcon.colcon_core.package_discovery:discover_packages(colcon_meta) check parameters
[0.904s] Level 1:colcon.colcon_core.package_discovery:discover_packages(recursive) check parameters
[0.904s] Level 1:colcon.colcon_core.package_discovery:discover_packages(ignore) check parameters
[0.904s] Level 1:colcon.colcon_core.package_discovery:discover_packages(path) check parameters
[0.904s] Level 1:colcon.colcon_core.package_discovery:discover_packages(colcon_meta) discover
[0.904s] Level 1:colcon.colcon_core.package_discovery:discover_packages(recursive) discover
[0.904s] INFO:colcon.colcon_core.package_discovery:Crawling recursively for packages in '/home/yoonho/ABC2025_main_controller/src'
[0.904s] Level 1:colcon.colcon_core.package_identification:_identify(.) by extensions ['ignore', 'ignore_ament_install']
[0.905s] Level 1:colcon.colcon_core.package_identification:_identify(.) by extension 'ignore'
[0.905s] Level 1:colcon.colcon_core.package_identification:_identify(.) by extension 'ignore_ament_install'
[0.905s] Level 1:colcon.colcon_core.package_identification:_identify(.) by extensions ['colcon_pkg']
[0.905s] Level 1:colcon.colcon_core.package_identification:_identify(.) by extension 'colcon_pkg'
[0.905s] Level 1:colcon.colcon_core.package_identification:_identify(.) by extensions ['colcon_meta']
[0.905s] Level 1:colcon.colcon_core.package_identification:_identify(.) by extension 'colcon_meta'
[0.905s] Level 1:colcon.colcon_core.package_identification:_identify(.) by extensions ['ros']
[0.905s] Level 1:colcon.colcon_core.package_identification:_identify(.) by extension 'ros'
[0.978s] Level 1:colcon.colcon_core.package_identification:_identify(.) by extensions ['cmake', 'python']
[0.979s] Level 1:colcon.colcon_core.package_identification:_identify(.) by extension 'cmake'
[0.979s] Level 1:colcon.colcon_core.package_identification:_identify(.) by extension 'python'
[0.979s] Level 1:colcon.colcon_core.package_identification:_identify(.) by extensions ['python_setup_py']
[0.979s] Level 1:colcon.colcon_core.package_identification:_identify(.) by extension 'python_setup_py'
[0.980s] Level 1:colcon.colcon_core.package_identification:_identify(ORB_SLAM3) by extensions ['ignore', 'ignore_ament_install']
[0.981s] Level 1:colcon.colcon_core.package_identification:_identify(ORB_SLAM3) by extension 'ignore'
[0.981s] Level 1:colcon.colcon_core.package_identification:_identify(ORB_SLAM3) by extension 'ignore_ament_install'
[0.982s] Level 1:colcon.colcon_core.package_identification:_identify(ORB_SLAM3) by extensions ['colcon_pkg']
[0.982s] Level 1:colcon.colcon_core.package_identification:_identify(ORB_SLAM3) by extension 'colcon_pkg'
[0.983s] Level 1:colcon.colcon_core.package_identification:_identify(ORB_SLAM3) by extensions ['colcon_meta']
[0.983s] Level 1:colcon.colcon_core.package_identification:_identify(ORB_SLAM3) by extension 'colcon_meta'
[0.985s] Level 1:colcon.colcon_core.package_identification:_identify(ORB_SLAM3) by extensions ['ros']
[0.985s] Level 1:colcon.colcon_core.package_identification:_identify(ORB_SLAM3) by extension 'ros'
[0.986s] Level 1:colcon.colcon_core.package_identification:_identify(ORB_SLAM3) by extensions ['cmake', 'python']
[0.986s] Level 1:colcon.colcon_core.package_identification:_identify(ORB_SLAM3) by extension 'cmake'
[1.090s] Level 1:colcon.colcon_core.package_identification:_identify(ORB_SLAM3) by extension 'python'
[1.091s] DEBUG:colcon.colcon_core.package_identification:Package 'ORB_SLAM3' with type 'cmake' and name 'ORB_SLAM3'
[1.091s] Level 1:colcon.colcon_core.package_identification:_identify(build) by extensions ['ignore', 'ignore_ament_install']
[1.091s] Level 1:colcon.colcon_core.package_identification:_identify(build) by extension 'ignore'
[1.091s] Level 1:colcon.colcon_core.package_identification:_identify(build) ignored
[1.092s] Level 1:colcon.colcon_core.package_identification:_identify(camera_calibration) by extensions ['ignore', 'ignore_ament_install']
[1.092s] Level 1:colcon.colcon_core.package_identification:_identify(camera_calibration) by extension 'ignore'
[1.092s] Level 1:colcon.colcon_core.package_identification:_identify(camera_calibration) by extension 'ignore_ament_install'
[1.092s] Level 1:colcon.colcon_core.package_identification:_identify(camera_calibration) by extensions ['colcon_pkg']
[1.092s] Level 1:colcon.colcon_core.package_identification:_identify(camera_calibration) by extension 'colcon_pkg'
[1.092s] Level 1:colcon.colcon_core.package_identification:_identify(camera_calibration) by extensions ['colcon_meta']
[1.092s] Level 1:colcon.colcon_core.package_identification:_identify(camera_calibration) by extension 'colcon_meta'
[1.093s] Level 1:colcon.colcon_core.package_identification:_identify(camera_calibration) by extensions ['ros']
[1.093s] Level 1:colcon.colcon_core.package_identification:_identify(camera_calibration) by extension 'ros'
[1.093s] Level 1:colcon.colcon_core.package_identification:_identify(camera_calibration) by extensions ['cmake', 'python']
[1.093s] Level 1:colcon.colcon_core.package_identification:_identify(camera_calibration) by extension 'cmake'
[1.093s] Level 1:colcon.colcon_core.package_identification:_identify(camera_calibration) by extension 'python'
[1.093s] Level 1:colcon.colcon_core.package_identification:_identify(camera_calibration) by extensions ['python_setup_py']
[1.093s] Level 1:colcon.colcon_core.package_identification:_identify(camera_calibration) by extension 'python_setup_py'
[1.093s] Level 1:colcon.colcon_core.package_identification:_identify(depth_camera) by extensions ['ignore', 'ignore_ament_install']
[1.094s] Level 1:colcon.colcon_core.package_identification:_identify(depth_camera) by extension 'ignore'
[1.094s] Level 1:colcon.colcon_core.package_identification:_identify(depth_camera) by extension 'ignore_ament_install'
[1.094s] Level 1:colcon.colcon_core.package_identification:_identify(depth_camera) by extensions ['colcon_pkg']
[1.094s] Level 1:colcon.colcon_core.package_identification:_identify(depth_camera) by extension 'colcon_pkg'
[1.094s] Level 1:colcon.colcon_core.package_identification:_identify(depth_camera) by extensions ['colcon_meta']
[1.094s] Level 1:colcon.colcon_core.package_identification:_identify(depth_camera) by extension 'colcon_meta'
[1.094s] Level 1:colcon.colcon_core.package_identification:_identify(depth_camera) by extensions ['ros']
[1.094s] Level 1:colcon.colcon_core.package_identification:_identify(depth_camera) by extension 'ros'
[1.095s] Level 1:colcon.colcon_core.package_identification:_identify(depth_camera) by extensions ['cmake', 'python']
[1.095s] Level 1:colcon.colcon_core.package_identification:_identify(depth_camera) by extension 'cmake'
[1.095s] Level 1:colcon.colcon_core.package_identification:_identify(depth_camera) by extension 'python'
[1.095s] Level 1:colcon.colcon_core.package_identification:_identify(depth_camera) by extensions ['python_setup_py']
[1.095s] Level 1:colcon.colcon_core.package_identification:_identify(depth_camera) by extension 'python_setup_py'
[1.095s] Level 1:colcon.colcon_core.package_identification:_identify(depth_camera/meshes) by extensions ['ignore', 'ignore_ament_install']
[1.095s] Level 1:colcon.colcon_core.package_identification:_identify(depth_camera/meshes) by extension 'ignore'
[1.096s] Level 1:colcon.colcon_core.package_identification:_identify(depth_camera/meshes) by extension 'ignore_ament_install'
[1.096s] Level 1:colcon.colcon_core.package_identification:_identify(depth_camera/meshes) by extensions ['colcon_pkg']
[1.096s] Level 1:colcon.colcon_core.package_identification:_identify(depth_camera/meshes) by extension 'colcon_pkg'
[1.096s] Level 1:colcon.colcon_core.package_identification:_identify(depth_camera/meshes) by extensions ['colcon_meta']
[1.096s] Level 1:colcon.colcon_core.package_identification:_identify(depth_camera/meshes) by extension 'colcon_meta'
[1.096s] Level 1:colcon.colcon_core.package_identification:_identify(depth_camera/meshes) by extensions ['ros']
[1.096s] Level 1:colcon.colcon_core.package_identification:_identify(depth_camera/meshes) by extension 'ros'
[1.096s] Level 1:colcon.colcon_core.package_identification:_identify(depth_camera/meshes) by extensions ['cmake', 'python']
[1.097s] Level 1:colcon.colcon_core.package_identification:_identify(depth_camera/meshes) by extension 'cmake'
[1.097s] Level 1:colcon.colcon_core.package_identification:_identify(depth_camera/meshes) by extension 'python'
[1.097s] Level 1:colcon.colcon_core.package_identification:_identify(depth_camera/meshes) by extensions ['python_setup_py']
[1.097s] Level 1:colcon.colcon_core.package_identification:_identify(depth_camera/meshes) by extension 'python_setup_py'
[1.097s] Level 1:colcon.colcon_core.package_identification:_identify(depth_detection) by extensions ['ignore', 'ignore_ament_install']
[1.097s] Level 1:colcon.colcon_core.package_identification:_identify(depth_detection) by extension 'ignore'
[1.097s] Level 1:colcon.colcon_core.package_identification:_identify(depth_detection) by extension 'ignore_ament_install'
[1.098s] Level 1:colcon.colcon_core.package_identification:_identify(depth_detection) by extensions ['colcon_pkg']
[1.098s] Level 1:colcon.colcon_core.package_identification:_identify(depth_detection) by extension 'colcon_pkg'
[1.098s] Level 1:colcon.colcon_core.package_identification:_identify(depth_detection) by extensions ['colcon_meta']
[1.098s] Level 1:colcon.colcon_core.package_identification:_identify(depth_detection) by extension 'colcon_meta'
[1.098s] Level 1:colcon.colcon_core.package_identification:_identify(depth_detection) by extensions ['ros']
[1.098s] Level 1:colcon.colcon_core.package_identification:_identify(depth_detection) by extension 'ros'
[1.113s] DEBUG:colcon.colcon_core.package_identification:Package 'depth_detection' with type 'ros.ament_python' and name 'depth_detection'
[1.113s] Level 1:colcon.colcon_core.package_identification:_identify(drone_controller) by extensions ['ignore', 'ignore_ament_install']
[1.114s] Level 1:colcon.colcon_core.package_identification:_identify(drone_controller) by extension 'ignore'
[1.114s] Level 1:colcon.colcon_core.package_identification:_identify(drone_controller) by extension 'ignore_ament_install'
[1.114s] Level 1:colcon.colcon_core.package_identification:_identify(drone_controller) by extensions ['colcon_pkg']
[1.114s] Level 1:colcon.colcon_core.package_identification:_identify(drone_controller) by extension 'colcon_pkg'
[1.114s] Level 1:colcon.colcon_core.package_identification:_identify(drone_controller) by extensions ['colcon_meta']
[1.114s] Level 1:colcon.colcon_core.package_identification:_identify(drone_controller) by extension 'colcon_meta'
[1.115s] Level 1:colcon.colcon_core.package_identification:_identify(drone_controller) by extensions ['ros']
[1.115s] Level 1:colcon.colcon_core.package_identification:_identify(drone_controller) by extension 'ros'
[1.117s] DEBUG:colcon.colcon_core.package_identification:Package 'drone_controller' with type 'ros.ament_python' and name 'drone_controller'
[1.117s] Level 1:colcon.colcon_core.package_identification:_identify(image_detection) by extensions ['ignore', 'ignore_ament_install']
[1.117s] Level 1:colcon.colcon_core.package_identification:_identify(image_detection) by extension 'ignore'
[1.117s] Level 1:colcon.colcon_core.package_identification:_identify(image_detection) by extension 'ignore_ament_install'
[1.118s] Level 1:colcon.colcon_core.package_identification:_identify(image_detection) by extensions ['colcon_pkg']
[1.118s] Level 1:colcon.colcon_core.package_identification:_identify(image_detection) by extension 'colcon_pkg'
[1.118s] Level 1:colcon.colcon_core.package_identification:_identify(image_detection) by extensions ['colcon_meta']
[1.118s] Level 1:colcon.colcon_core.package_identification:_identify(image_detection) by extension 'colcon_meta'
[1.118s] Level 1:colcon.colcon_core.package_identification:_identify(image_detection) by extensions ['ros']
[1.118s] Level 1:colcon.colcon_core.package_identification:_identify(image_detection) by extension 'ros'
[1.120s] DEBUG:colcon.colcon_core.package_identification:Package 'image_detection' with type 'ros.ament_python' and name 'image_detection'
[1.120s] Level 1:colcon.colcon_core.package_identification:_identify(install) by extensions ['ignore', 'ignore_ament_install']
[1.121s] Level 1:colcon.colcon_core.package_identification:_identify(install) by extension 'ignore'
[1.121s] Level 1:colcon.colcon_core.package_identification:_identify(install) ignored
[1.121s] Level 1:colcon.colcon_core.package_identification:_identify(log) by extensions ['ignore', 'ignore_ament_install']
[1.121s] Level 1:colcon.colcon_core.package_identification:_identify(log) by extension 'ignore'
[1.121s] Level 1:colcon.colcon_core.package_identification:_identify(log) ignored
[1.122s] Level 1:colcon.colcon_core.package_identification:_identify(my_msgs) by extensions ['ignore', 'ignore_ament_install']
[1.122s] Level 1:colcon.colcon_core.package_identification:_identify(my_msgs) by extension 'ignore'
[1.122s] Level 1:colcon.colcon_core.package_identification:_identify(my_msgs) by extension 'ignore_ament_install'
[1.123s] Level 1:colcon.colcon_core.package_identification:_identify(my_msgs) by extensions ['colcon_pkg']
[1.123s] Level 1:colcon.colcon_core.package_identification:_identify(my_msgs) by extension 'colcon_pkg'
[1.123s] Level 1:colcon.colcon_core.package_identification:_identify(my_msgs) by extensions ['colcon_meta']
[1.123s] Level 1:colcon.colcon_core.package_identification:_identify(my_msgs) by extension 'colcon_meta'
[1.123s] Level 1:colcon.colcon_core.package_identification:_identify(my_msgs) by extensions ['ros']
[1.123s] Level 1:colcon.colcon_core.package_identification:_identify(my_msgs) by extension 'ros'
[1.125s] DEBUG:colcon.colcon_core.package_identification:Package 'my_msgs' with type 'ros.ament_cmake' and name 'my_msgs'
[1.125s] Level 1:colcon.colcon_core.package_identification:_identify(orbslam3_ros2) by extensions ['ignore', 'ignore_ament_install']
[1.126s] Level 1:colcon.colcon_core.package_identification:_identify(orbslam3_ros2) by extension 'ignore'
[1.126s] Level 1:colcon.colcon_core.package_identification:_identify(orbslam3_ros2) by extension 'ignore_ament_install'
[1.126s] Level 1:colcon.colcon_core.package_identification:_identify(orbslam3_ros2) by extensions ['colcon_pkg']
[1.126s] Level 1:colcon.colcon_core.package_identification:_identify(orbslam3_ros2) by extension 'colcon_pkg'
[1.126s] Level 1:colcon.colcon_core.package_identification:_identify(orbslam3_ros2) by extensions ['colcon_meta']
[1.126s] Level 1:colcon.colcon_core.package_identification:_identify(orbslam3_ros2) by extension 'colcon_meta'
[1.126s] Level 1:colcon.colcon_core.package_identification:_identify(orbslam3_ros2) by extensions ['ros']
[1.126s] Level 1:colcon.colcon_core.package_identification:_identify(orbslam3_ros2) by extension 'ros'
[1.129s] DEBUG:colcon.colcon_core.package_identification:Package 'orbslam3_ros2' with type 'ros.ament_cmake' and name 'orbslam3_ros2'
[1.129s] Level 1:colcon.colcon_core.package_identification:_identify(path_generation) by extensions ['ignore', 'ignore_ament_install']
[1.129s] Level 1:colcon.colcon_core.package_identification:_identify(path_generation) by extension 'ignore'
[1.129s] Level 1:colcon.colcon_core.package_identification:_identify(path_generation) by extension 'ignore_ament_install'
[1.129s] Level 1:colcon.colcon_core.package_identification:_identify(path_generation) by extensions ['colcon_pkg']
[1.129s] Level 1:colcon.colcon_core.package_identification:_identify(path_generation) by extension 'colcon_pkg'
[1.130s] Level 1:colcon.colcon_core.package_identification:_identify(path_generation) by extensions ['colcon_meta']
[1.130s] Level 1:colcon.colcon_core.package_identification:_identify(path_generation) by extension 'colcon_meta'
[1.130s] Level 1:colcon.colcon_core.package_identification:_identify(path_generation) by extensions ['ros']
[1.130s] Level 1:colcon.colcon_core.package_identification:_identify(path_generation) by extension 'ros'
[1.133s] DEBUG:colcon.colcon_core.package_identification:Package 'path_generation' with type 'ros.ament_python' and name 'path_generation'
[1.134s] Level 1:colcon.colcon_core.package_identification:_identify(px4_msgs) by extensions ['ignore', 'ignore_ament_install']
[1.134s] Level 1:colcon.colcon_core.package_identification:_identify(px4_msgs) by extension 'ignore'
[1.134s] Level 1:colcon.colcon_core.package_identification:_identify(px4_msgs) by extension 'ignore_ament_install'
[1.134s] Level 1:colcon.colcon_core.package_identification:_identify(px4_msgs) by extensions ['colcon_pkg']
[1.134s] Level 1:colcon.colcon_core.package_identification:_identify(px4_msgs) by extension 'colcon_pkg'
[1.134s] Level 1:colcon.colcon_core.package_identification:_identify(px4_msgs) by extensions ['colcon_meta']
[1.134s] Level 1:colcon.colcon_core.package_identification:_identify(px4_msgs) by extension 'colcon_meta'
[1.135s] Level 1:colcon.colcon_core.package_identification:_identify(px4_msgs) by extensions ['ros']
[1.135s] Level 1:colcon.colcon_core.package_identification:_identify(px4_msgs) by extension 'ros'
[1.137s] DEBUG:colcon.colcon_core.package_identification:Package 'px4_msgs' with type 'ros.ament_cmake' and name 'px4_msgs'
[1.137s] Level 1:colcon.colcon_core.package_identification:_identify(yolo_detection) by extensions ['ignore', 'ignore_ament_install']
[1.137s] Level 1:colcon.colcon_core.package_identification:_identify(yolo_detection) by extension 'ignore'
[1.137s] Level 1:colcon.colcon_core.package_identification:_identify(yolo_detection) by extension 'ignore_ament_install'
[1.138s] Level 1:colcon.colcon_core.package_identification:_identify(yolo_detection) by extensions ['colcon_pkg']
[1.138s] Level 1:colcon.colcon_core.package_identification:_identify(yolo_detection) by extension 'colcon_pkg'
[1.138s] Level 1:colcon.colcon_core.package_identification:_identify(yolo_detection) by extensions ['colcon_meta']
[1.138s] Level 1:colcon.colcon_core.package_identification:_identify(yolo_detection) by extension 'colcon_meta'
[1.138s] Level 1:colcon.colcon_core.package_identification:_identify(yolo_detection) by extensions ['ros']
[1.138s] Level 1:colcon.colcon_core.package_identification:_identify(yolo_detection) by extension 'ros'
[1.140s] DEBUG:colcon.colcon_core.package_identification:Package 'yolo_detection' with type 'ros.ament_python' and name 'yolo_detection'
[1.140s] Level 1:colcon.colcon_core.package_discovery:discover_packages(recursive) using defaults
[1.140s] Level 1:colcon.colcon_core.package_discovery:discover_packages(ignore) discover
[1.140s] Level 1:colcon.colcon_core.package_discovery:discover_packages(ignore) using defaults
[1.140s] Level 1:colcon.colcon_core.package_discovery:discover_packages(path) discover
[1.140s] Level 1:colcon.colcon_core.package_discovery:discover_packages(path) using defaults
[1.200s] INFO:colcon.colcon_core.package_selection:Skipping not selected package 'ORB_SLAM3' in 'ORB_SLAM3'
[1.200s] INFO:colcon.colcon_core.package_selection:Skipping not selected package 'depth_detection' in 'depth_detection'
[1.200s] INFO:colcon.colcon_core.package_selection:Skipping not selected package 'image_detection' in 'image_detection'
[1.200s] INFO:colcon.colcon_core.package_selection:Skipping not selected package 'my_msgs' in 'my_msgs'
[1.200s] INFO:colcon.colcon_core.package_selection:Skipping not selected package 'orbslam3_ros2' in 'orbslam3_ros2'
[1.200s] INFO:colcon.colcon_core.package_selection:Skipping not selected package 'path_generation' in 'path_generation'
[1.201s] INFO:colcon.colcon_core.package_selection:Skipping not selected package 'px4_msgs' in 'px4_msgs'
[1.201s] INFO:colcon.colcon_core.package_selection:Skipping not selected package 'yolo_detection' in 'yolo_detection'
[1.202s] Level 1:colcon.colcon_core.package_discovery:discover_packages(prefix_path) check parameters
[1.202s] Level 1:colcon.colcon_core.package_discovery:discover_packages(prefix_path) discover
[1.205s] WARNING:colcon.colcon_ros.prefix_path.ament:The path '/home/yoonho/ABC2025_main_controller/install/px4_msgs' in the environment variable AMENT_PREFIX_PATH doesn't exist
[1.206s] WARNING:colcon.colcon_ros.prefix_path.ament:The path '/home/yoonho/ABC2025_main_controller/install/my_msgs' in the environment variable AMENT_PREFIX_PATH doesn't exist
[1.206s] WARNING:colcon.colcon_ros.prefix_path.catkin:The path '/home/yoonho/ABC2025_main_controller/install/px4_msgs' in the environment variable CMAKE_PREFIX_PATH doesn't exist
[1.206s] WARNING:colcon.colcon_ros.prefix_path.catkin:The path '/home/yoonho/ABC2025_main_controller/install/my_msgs' in the environment variable CMAKE_PREFIX_PATH doesn't exist
[1.208s] DEBUG:colcon.colcon_installed_package_information.package_discovery:Found 5 installed packages in /home/yoonho/ABC2025_main_controller/install
[1.213s] DEBUG:colcon.colcon_installed_package_information.package_discovery:Found 401 installed packages in /opt/ros/foxy
[1.220s] Level 1:colcon.colcon_core.package_discovery:discover_packages(prefix_path) using defaults
[1.455s] Level 5:colcon.colcon_core.verb:set package 'drone_controller' build argument 'cmake_args' from command line to 'None'
[1.455s] Level 5:colcon.colcon_core.verb:set package 'drone_controller' build argument 'cmake_target' from command line to 'None'
[1.455s] Level 5:colcon.colcon_core.verb:set package 'drone_controller' build argument 'cmake_target_skip_unavailable' from command line to 'False'
[1.456s] Level 5:colcon.colcon_core.verb:set package 'drone_controller' build argument 'cmake_clean_cache' from command line to 'False'
[1.456s] Level 5:colcon.colcon_core.verb:set package 'drone_controller' build argument 'cmake_clean_first' from command line to 'False'
[1.456s] Level 5:colcon.colcon_core.verb:set package 'drone_controller' build argument 'cmake_force_configure' from command line to 'False'
[1.456s] Level 5:colcon.colcon_core.verb:set package 'drone_controller' build argument 'ament_cmake_args' from command line to 'None'
[1.456s] Level 5:colcon.colcon_core.verb:set package 'drone_controller' build argument 'catkin_cmake_args' from command line to 'None'
[1.456s] Level 5:colcon.colcon_core.verb:set package 'drone_controller' build argument 'catkin_skip_building_tests' from command line to 'False'
[1.456s] DEBUG:colcon.colcon_core.verb:Building package 'drone_controller' with the following arguments: {'ament_cmake_args': None, 'build_base': '/home/yoonho/ABC2025_main_controller/src/build/drone_controller', 'catkin_cmake_args': None, 'catkin_skip_building_tests': False, 'cmake_args': None, 'cmake_clean_cache': False, 'cmake_clean_first': False, 'cmake_force_configure': False, 'cmake_target': None, 'cmake_target_skip_unavailable': False, 'install_base': '/home/yoonho/ABC2025_main_controller/src/install/drone_controller', 'merge_install': False, 'path': '/home/yoonho/ABC2025_main_controller/src/drone_controller', 'symlink_install': True, 'test_result_base': None}
[1.456s] INFO:colcon.colcon_core.executor:Executing jobs using 'parallel' executor
[1.458s] DEBUG:colcon.colcon_parallel_executor.executor.parallel:run_until_complete
[1.459s] INFO:colcon.colcon_ros.task.ament_python.build:Building ROS package in '/home/yoonho/ABC2025_main_controller/src/drone_controller' with build type 'ament_python'
[1.459s] Level 1:colcon.colcon_core.shell:create_environment_hook('drone_controller', 'ament_prefix_path')
[1.464s] INFO:colcon.colcon_core.plugin_system:Skipping extension 'colcon_core.shell.bat': Not used on non-Windows systems
[1.464s] INFO:colcon.colcon_core.shell:Creating environment hook '/home/yoonho/ABC2025_main_controller/src/install/drone_controller/share/drone_controller/hook/ament_prefix_path.ps1'
[1.465s] INFO:colcon.colcon_core.shell:Creating environment descriptor '/home/yoonho/ABC2025_main_controller/src/install/drone_controller/share/drone_controller/hook/ament_prefix_path.dsv'
[1.466s] INFO:colcon.colcon_core.shell:Creating environment hook '/home/yoonho/ABC2025_main_controller/src/install/drone_controller/share/drone_controller/hook/ament_prefix_path.sh'
[1.469s] INFO:colcon.colcon_core.shell:Skip shell extension 'powershell' for command environment: Not usable outside of PowerShell
[1.469s] DEBUG:colcon.colcon_core.shell:Skip shell extension 'dsv' for command environment
[1.483s] ERROR:colcon.colcon_ros.task.ament_python.build:Failed to find the following files:
- /home/yoonho/ABC2025_main_controller/src/install/my_msgs/share/my_msgs/package.sh
- /home/yoonho/ABC2025_main_controller/src/install/px4_msgs/share/px4_msgs/package.sh
Check that the following packages have been built:
- my_msgs
- px4_msgs
[1.495s] DEBUG:colcon.colcon_parallel_executor.executor.parallel:closing loop
[1.495s] DEBUG:colcon.colcon_parallel_executor.executor.parallel:loop closed
[1.495s] DEBUG:colcon.colcon_parallel_executor.executor.parallel:run_until_complete finished with '1'
[1.495s] DEBUG:colcon.colcon_core.event_reactor:joining thread
[1.506s] INFO:colcon.colcon_core.plugin_system:Skipping extension 'colcon_notification.desktop_notification.terminal_notifier': Not used on non-Darwin systems
[1.506s] INFO:colcon.colcon_core.plugin_system:Skipping extension 'colcon_notification.desktop_notification.win32': Not used on non-Windows systems
[1.506s] INFO:colcon.colcon_notification.desktop_notification:Sending desktop notification using 'notify2'
[1.534s] DEBUG:colcon.colcon_core.event_reactor:joined thread
[1.535s] INFO:colcon.colcon_core.shell:Creating prefix script '/home/yoonho/ABC2025_main_controller/src/install/local_setup.ps1'
[1.537s] INFO:colcon.colcon_core.shell:Creating prefix util module '/home/yoonho/ABC2025_main_controller/src/install/_local_setup_util_ps1.py'
[1.541s] INFO:colcon.colcon_core.shell:Creating prefix chain script '/home/yoonho/ABC2025_main_controller/src/install/setup.ps1'
[1.546s] INFO:colcon.colcon_core.shell:Creating prefix script '/home/yoonho/ABC2025_main_controller/src/install/local_setup.sh'
[1.548s] INFO:colcon.colcon_core.shell:Creating prefix util module '/home/yoonho/ABC2025_main_controller/src/install/_local_setup_util_sh.py'
[1.549s] INFO:colcon.colcon_core.shell:Creating prefix chain script '/home/yoonho/ABC2025_main_controller/src/install/setup.sh'
[1.552s] INFO:colcon.colcon_core.shell:Creating prefix script '/home/yoonho/ABC2025_main_controller/src/install/local_setup.bash'
[1.554s] INFO:colcon.colcon_core.shell:Creating prefix chain script '/home/yoonho/ABC2025_main_controller/src/install/setup.bash'
[1.556s] INFO:colcon.colcon_core.shell:Creating prefix script '/home/yoonho/ABC2025_main_controller/src/install/local_setup.zsh'
[1.559s] INFO:colcon.colcon_core.shell:Creating prefix chain script '/home/yoonho/ABC2025_main_controller/src/install/setup.zsh'
