-- The C compiler identification is GNU 9.4.0
-- The CXX compiler identification is GNU 9.4.0
-- Detecting C compiler ABI info
-- Detecting C compiler ABI info - done
-- Check for working C compiler: /usr/bin/cc - skipped
-- Detecting C compile features
-- Detecting C compile features - done
-- Detecting CXX compiler ABI info
-- Detecting CXX compiler ABI info - done
-- Check for working CXX compiler: /usr/bin/c++ - skipped
-- Detecting CXX compile features
-- Detecting CXX compile features - done
-- Found rosidl_default_generators: 1.0.1 (/opt/ros/foxy/share/rosidl_default_generators/cmake)
-- Found ament_cmake_core: 0.9.12 (/opt/ros/foxy/share/ament_cmake_core/cmake)
-- Found PythonInterp: /usr/bin/python3 (found suitable version "3.8.10", minimum required is "3")
-- Using PYTHON_EXECUTABLE: /usr/bin/python3
-- Using all available rosidl_typesupport_c: rosidl_typesupport_fastrtps_c;rosidl_typesupport_introspection_c
-- Found rosidl_adapter: 1.3.1 (/opt/ros/foxy/share/rosidl_adapter/cmake)
-- Found OpenSSL: /usr/lib/x86_64-linux-gnu/libcrypto.so (found version "1.1.1f")
-- Found FastRTPS: /opt/ros/foxy/include
-- Using all available rosidl_typesupport_cpp: rosidl_typesupport_fastrtps_cpp;rosidl_typesupport_introspection_cpp
-- Found std_msgs: 2.0.5 (/opt/ros/foxy/share/std_msgs/cmake)
-- Found sensor_msgs: 2.0.5 (/opt/ros/foxy/share/sensor_msgs/cmake)
-- Found PythonInterp: /usr/bin/python3 (found version "3.8.10")
-- Found ament_cmake_ros: 0.9.2 (/opt/ros/foxy/share/ament_cmake_ros/cmake)
-- Using all available rosidl_typesupport_c: rosidl_typesupport_fastrtps_c;rosidl_typesupport_introspection_c
-- Using all available rosidl_typesupport_cpp: rosidl_typesupport_fastrtps_cpp;rosidl_typesupport_introspection_cpp
-- Found PythonInterp: /usr/bin/python3 (found suitable version "3.8.10", minimum required is "3.5")
-- Found python_cmake_module: 0.8.1 (/opt/ros/foxy/share/python_cmake_module/cmake)
-- Found PythonLibs: /usr/lib/x86_64-linux-gnu/libpython3.8.so (found suitable version "3.8.10", minimum required is "3.5")
-- Using PYTHON_EXECUTABLE: /usr/bin/python3
-- Using PYTHON_INCLUDE_DIRS: /usr/include/python3.8
-- Using PYTHON_LIBRARIES: /usr/lib/x86_64-linux-gnu/libpython3.8.so
-- Found PythonExtra: .so
-- Found ament_lint_auto: 0.9.8 (/opt/ros/foxy/share/ament_lint_auto/cmake)
-- Added test 'copyright' to check source files copyright and LICENSE
-- Added test 'lint_cmake' to check CMake code style
-- Added test 'xmllint' to check XML markup files
-- Configuring done (9.7s)
-- Generating done (0.3s)
-- Build files have been written to: /home/yoonho/ABC2025_main_controller/src/build/my_msgs
[  2%] [34m[1mGenerating C code for ROS interfaces[0m
[  4%] [34m[1mGenerating C++ code for ROS interfaces[0m
[  4%] Built target my_msgs__cpp
[  6%] [34m[1mGenerating C++ type support dispatch for ROS interfaces[0m
[  8%] [34m[1mGenerating C++ introspection for ROS interfaces[0m
[ 10%] [34m[1mGenerating C++ type support for eProsima Fast-RTPS[0m
[ 12%] [32mBuilding C object CMakeFiles/my_msgs__rosidl_generator_c.dir/rosidl_generator_c/my_msgs/msg/detail/depth_activated__functions.c.o[0m
[ 14%] [32mBuilding C object CMakeFiles/my_msgs__rosidl_generator_c.dir/rosidl_generator_c/my_msgs/msg/detail/yolo_detection__functions.c.o[0m
[ 17%] [32mBuilding C object CMakeFiles/my_msgs__rosidl_generator_c.dir/rosidl_generator_c/my_msgs/msg/detail/vehicle_state__functions.c.o[0m
[ 19%] [32m[1mLinking C shared library libmy_msgs__rosidl_generator_c.so[0m
[ 19%] Built target my_msgs__rosidl_generator_c
[ 21%] [34m[1mGenerating C introspection for ROS interfaces[0m
[ 23%] [34m[1mGenerating C type support dispatch for ROS interfaces[0m
[ 25%] [32mBuilding CXX object CMakeFiles/my_msgs__rosidl_typesupport_cpp.dir/rosidl_typesupport_cpp/my_msgs/msg/yolo_detection__type_support.cpp.o[0m
[ 27%] [32mBuilding CXX object CMakeFiles/my_msgs__rosidl_typesupport_cpp.dir/rosidl_typesupport_cpp/my_msgs/msg/depth_activated__type_support.cpp.o[0m
[ 29%] [32mBuilding CXX object CMakeFiles/my_msgs__rosidl_typesupport_cpp.dir/rosidl_typesupport_cpp/my_msgs/msg/vehicle_state__type_support.cpp.o[0m
[ 31%] [32mBuilding CXX object CMakeFiles/my_msgs__rosidl_typesupport_introspection_cpp.dir/rosidl_typesupport_introspection_cpp/my_msgs/msg/detail/yolo_detection__type_support.cpp.o[0m
[ 34%] [32mBuilding CXX object CMakeFiles/my_msgs__rosidl_typesupport_introspection_cpp.dir/rosidl_typesupport_introspection_cpp/my_msgs/msg/detail/depth_activated__type_support.cpp.o[0m
[ 36%] [32mBuilding CXX object CMakeFiles/my_msgs__rosidl_typesupport_fastrtps_cpp.dir/rosidl_typesupport_fastrtps_cpp/my_msgs/msg/detail/dds_fastrtps/yolo_detection__type_support.cpp.o[0m
[ 38%] [32mBuilding CXX object CMakeFiles/my_msgs__rosidl_typesupport_c.dir/rosidl_typesupport_c/my_msgs/msg/yolo_detection__type_support.cpp.o[0m
[ 40%] [32mBuilding CXX object CMakeFiles/my_msgs__rosidl_typesupport_c.dir/rosidl_typesupport_c/my_msgs/msg/depth_activated__type_support.cpp.o[0m
[ 42%] [32mBuilding CXX object CMakeFiles/my_msgs__rosidl_typesupport_c.dir/rosidl_typesupport_c/my_msgs/msg/vehicle_state__type_support.cpp.o[0m
[ 44%] [32m[1mLinking CXX shared library libmy_msgs__rosidl_typesupport_c.so[0m
[ 46%] [32mBuilding C object CMakeFiles/my_msgs__rosidl_typesupport_introspection_c.dir/rosidl_typesupport_introspection_c/my_msgs/msg/detail/yolo_detection__type_support.c.o[0m
[ 48%] [32mBuilding C object CMakeFiles/my_msgs__rosidl_typesupport_introspection_c.dir/rosidl_typesupport_introspection_c/my_msgs/msg/detail/depth_activated__type_support.c.o[0m
[ 51%] [32m[1mLinking CXX shared library libmy_msgs__rosidl_typesupport_cpp.so[0m
[ 53%] [32mBuilding CXX object CMakeFiles/my_msgs__rosidl_typesupport_introspection_cpp.dir/rosidl_typesupport_introspection_cpp/my_msgs/msg/detail/vehicle_state__type_support.cpp.o[0m
[ 53%] Built target my_msgs__rosidl_typesupport_c
[ 55%] [32mBuilding C object CMakeFiles/my_msgs__rosidl_typesupport_introspection_c.dir/rosidl_typesupport_introspection_c/my_msgs/msg/detail/vehicle_state__type_support.c.o[0m
[ 55%] Built target my_msgs__rosidl_typesupport_cpp
[ 57%] [32m[1mLinking C shared library libmy_msgs__rosidl_typesupport_introspection_c.so[0m
[ 57%] Built target my_msgs__rosidl_typesupport_introspection_c
[ 59%] [32mBuilding CXX object CMakeFiles/my_msgs__rosidl_typesupport_fastrtps_cpp.dir/rosidl_typesupport_fastrtps_cpp/my_msgs/msg/detail/dds_fastrtps/vehicle_state__type_support.cpp.o[0m
[ 61%] [32m[1mLinking CXX shared library libmy_msgs__rosidl_typesupport_introspection_cpp.so[0m
[ 61%] Built target my_msgs__rosidl_typesupport_introspection_cpp
[ 63%] [32mBuilding CXX object CMakeFiles/my_msgs__rosidl_typesupport_fastrtps_cpp.dir/rosidl_typesupport_fastrtps_cpp/my_msgs/msg/detail/dds_fastrtps/depth_activated__type_support.cpp.o[0m
[ 65%] [32m[1mLinking CXX shared library libmy_msgs__rosidl_typesupport_fastrtps_cpp.so[0m
[ 65%] Built target my_msgs__rosidl_typesupport_fastrtps_cpp
[ 68%] [34m[1mGenerating C type support for eProsima Fast-RTPS[0m
[ 70%] [32mBuilding CXX object CMakeFiles/my_msgs__rosidl_typesupport_fastrtps_c.dir/rosidl_typesupport_fastrtps_c/my_msgs/msg/detail/yolo_detection__type_support_c.cpp.o[0m
[ 74%] [32mBuilding CXX object CMakeFiles/my_msgs__rosidl_typesupport_fastrtps_c.dir/rosidl_typesupport_fastrtps_c/my_msgs/msg/detail/depth_activated__type_support_c.cpp.o[0m
[ 74%] [32mBuilding CXX object CMakeFiles/my_msgs__rosidl_typesupport_fastrtps_c.dir/rosidl_typesupport_fastrtps_c/my_msgs/msg/detail/vehicle_state__type_support_c.cpp.o[0m
[ 76%] [32m[1mLinking CXX shared library libmy_msgs__rosidl_typesupport_fastrtps_c.so[0m
[ 76%] Built target my_msgs__rosidl_typesupport_fastrtps_c
[ 76%] Built target my_msgs
[ 78%] [34m[1mGenerating Python code for ROS interfaces[0m
[ 78%] Built target my_msgs__py
[ 80%] [32mBuilding C object CMakeFiles/my_msgs__python.dir/rosidl_generator_py/my_msgs/msg/_yolo_detection_s.c.o[0m
[ 82%] [32mBuilding C object CMakeFiles/my_msgs__python.dir/rosidl_generator_py/my_msgs/msg/_vehicle_state_s.c.o[0m
[ 85%] [32mBuilding C object CMakeFiles/my_msgs__python.dir/rosidl_generator_py/my_msgs/msg/_depth_activated_s.c.o[0m
[ 87%] [32m[1mLinking C shared library rosidl_generator_py/my_msgs/libmy_msgs__python.so[0m
[ 87%] Built target my_msgs__python
[ 89%] [32mBuilding C object CMakeFiles/my_msgs__rosidl_typesupport_c__pyext.dir/rosidl_generator_py/my_msgs/_my_msgs_s.ep.rosidl_typesupport_c.c.o[0m
[ 91%] [32mBuilding C object CMakeFiles/my_msgs__rosidl_typesupport_introspection_c__pyext.dir/rosidl_generator_py/my_msgs/_my_msgs_s.ep.rosidl_typesupport_introspection_c.c.o[0m
[ 93%] [32mBuilding C object CMakeFiles/my_msgs__rosidl_typesupport_fastrtps_c__pyext.dir/rosidl_generator_py/my_msgs/_my_msgs_s.ep.rosidl_typesupport_fastrtps_c.c.o[0m
[ 95%] [32m[1mLinking C shared library rosidl_generator_py/my_msgs/my_msgs_s__rosidl_typesupport_introspection_c.cpython-38-x86_64-linux-gnu.so[0m
[ 97%] [32m[1mLinking CXX shared library rosidl_generator_py/my_msgs/my_msgs_s__rosidl_typesupport_fastrtps_c.cpython-38-x86_64-linux-gnu.so[0m
[100%] [32m[1mLinking C shared library rosidl_generator_py/my_msgs/my_msgs_s__rosidl_typesupport_c.cpython-38-x86_64-linux-gnu.so[0m
[100%] Built target my_msgs__rosidl_typesupport_introspection_c__pyext
[100%] Built target my_msgs__rosidl_typesupport_c__pyext
[100%] Built target my_msgs__rosidl_typesupport_fastrtps_c__pyext
-- Install configuration: ""
-- Installing: /home/yoonho/ABC2025_main_controller/src/install/my_msgs/share/ament_index/resource_index/rosidl_interfaces/my_msgs
-- Installing: /home/yoonho/ABC2025_main_controller/src/install/my_msgs/include/my_msgs
-- Installing: /home/yoonho/ABC2025_main_controller/src/install/my_msgs/include/my_msgs/msg
-- Installing: /home/yoonho/ABC2025_main_controller/src/install/my_msgs/include/my_msgs/msg/depth_activated.h
-- Installing: /home/yoonho/ABC2025_main_controller/src/install/my_msgs/include/my_msgs/msg/rosidl_generator_c__visibility_control.h
-- Installing: /home/yoonho/ABC2025_main_controller/src/install/my_msgs/include/my_msgs/msg/yolo_detection.h
-- Installing: /home/yoonho/ABC2025_main_controller/src/install/my_msgs/include/my_msgs/msg/vehicle_state.h
-- Installing: /home/yoonho/ABC2025_main_controller/src/install/my_msgs/include/my_msgs/msg/detail
-- Installing: /home/yoonho/ABC2025_main_controller/src/install/my_msgs/include/my_msgs/msg/detail/yolo_detection__struct.h
-- Installing: /home/yoonho/ABC2025_main_controller/src/install/my_msgs/include/my_msgs/msg/detail/vehicle_state__struct.h
-- Installing: /home/yoonho/ABC2025_main_controller/src/install/my_msgs/include/my_msgs/msg/detail/yolo_detection__functions.c
-- Installing: /home/yoonho/ABC2025_main_controller/src/install/my_msgs/include/my_msgs/msg/detail/depth_activated__struct.h
-- Installing: /home/yoonho/ABC2025_main_controller/src/install/my_msgs/include/my_msgs/msg/detail/yolo_detection__functions.h
-- Installing: /home/yoonho/ABC2025_main_controller/src/install/my_msgs/include/my_msgs/msg/detail/depth_activated__functions.h
-- Installing: /home/yoonho/ABC2025_main_controller/src/install/my_msgs/include/my_msgs/msg/detail/vehicle_state__functions.h
-- Installing: /home/yoonho/ABC2025_main_controller/src/install/my_msgs/include/my_msgs/msg/detail/vehicle_state__functions.c
-- Installing: /home/yoonho/ABC2025_main_controller/src/install/my_msgs/include/my_msgs/msg/detail/vehicle_state__type_support.h
-- Installing: /home/yoonho/ABC2025_main_controller/src/install/my_msgs/include/my_msgs/msg/detail/depth_activated__type_support.h
-- Installing: /home/yoonho/ABC2025_main_controller/src/install/my_msgs/include/my_msgs/msg/detail/depth_activated__functions.c
-- Installing: /home/yoonho/ABC2025_main_controller/src/install/my_msgs/include/my_msgs/msg/detail/yolo_detection__type_support.h
-- Installing: /home/yoonho/ABC2025_main_controller/src/install/my_msgs/share/my_msgs/environment/library_path.sh
-- Installing: /home/yoonho/ABC2025_main_controller/src/install/my_msgs/share/my_msgs/environment/library_path.dsv
-- Installing: /home/yoonho/ABC2025_main_controller/src/install/my_msgs/lib/libmy_msgs__rosidl_generator_c.so
-- Set non-toolchain portion of runtime path of "/home/yoonho/ABC2025_main_controller/src/install/my_msgs/lib/libmy_msgs__rosidl_generator_c.so" to ""
-- Up-to-date: /home/yoonho/ABC2025_main_controller/src/install/my_msgs/include/my_msgs
-- Up-to-date: /home/yoonho/ABC2025_main_controller/src/install/my_msgs/include/my_msgs/msg
-- Installing: /home/yoonho/ABC2025_main_controller/src/install/my_msgs/include/my_msgs/msg/rosidl_typesupport_fastrtps_c__visibility_control.h
-- Up-to-date: /home/yoonho/ABC2025_main_controller/src/install/my_msgs/include/my_msgs/msg/detail
-- Installing: /home/yoonho/ABC2025_main_controller/src/install/my_msgs/include/my_msgs/msg/detail/vehicle_state__rosidl_typesupport_fastrtps_c.h
-- Installing: /home/yoonho/ABC2025_main_controller/src/install/my_msgs/include/my_msgs/msg/detail/depth_activated__rosidl_typesupport_fastrtps_c.h
-- Installing: /home/yoonho/ABC2025_main_controller/src/install/my_msgs/include/my_msgs/msg/detail/yolo_detection__rosidl_typesupport_fastrtps_c.h
-- Installing: /home/yoonho/ABC2025_main_controller/src/install/my_msgs/lib/libmy_msgs__rosidl_typesupport_fastrtps_c.so
-- Set non-toolchain portion of runtime path of "/home/yoonho/ABC2025_main_controller/src/install/my_msgs/lib/libmy_msgs__rosidl_typesupport_fastrtps_c.so" to ""
-- Up-to-date: /home/yoonho/ABC2025_main_controller/src/install/my_msgs/include/my_msgs
-- Up-to-date: /home/yoonho/ABC2025_main_controller/src/install/my_msgs/include/my_msgs/msg
-- Installing: /home/yoonho/ABC2025_main_controller/src/install/my_msgs/include/my_msgs/msg/rosidl_typesupport_fastrtps_cpp__visibility_control.h
-- Up-to-date: /home/yoonho/ABC2025_main_controller/src/install/my_msgs/include/my_msgs/msg/detail
-- Installing: /home/yoonho/ABC2025_main_controller/src/install/my_msgs/include/my_msgs/msg/detail/vehicle_state__rosidl_typesupport_fastrtps_cpp.hpp
-- Installing: /home/yoonho/ABC2025_main_controller/src/install/my_msgs/include/my_msgs/msg/detail/yolo_detection__rosidl_typesupport_fastrtps_cpp.hpp
-- Installing: /home/yoonho/ABC2025_main_controller/src/install/my_msgs/include/my_msgs/msg/detail/depth_activated__rosidl_typesupport_fastrtps_cpp.hpp
-- Installing: /home/yoonho/ABC2025_main_controller/src/install/my_msgs/include/my_msgs/msg/detail/dds_fastrtps
-- Installing: /home/yoonho/ABC2025_main_controller/src/install/my_msgs/lib/libmy_msgs__rosidl_typesupport_fastrtps_cpp.so
-- Set non-toolchain portion of runtime path of "/home/yoonho/ABC2025_main_controller/src/install/my_msgs/lib/libmy_msgs__rosidl_typesupport_fastrtps_cpp.so" to ""
-- Up-to-date: /home/yoonho/ABC2025_main_controller/src/install/my_msgs/include/my_msgs
-- Up-to-date: /home/yoonho/ABC2025_main_controller/src/install/my_msgs/include/my_msgs/msg
-- Installing: /home/yoonho/ABC2025_main_controller/src/install/my_msgs/include/my_msgs/msg/rosidl_typesupport_introspection_c__visibility_control.h
-- Up-to-date: /home/yoonho/ABC2025_main_controller/src/install/my_msgs/include/my_msgs/msg/detail
-- Installing: /home/yoonho/ABC2025_main_controller/src/install/my_msgs/include/my_msgs/msg/detail/depth_activated__rosidl_typesupport_introspection_c.h
-- Installing: /home/yoonho/ABC2025_main_controller/src/install/my_msgs/include/my_msgs/msg/detail/yolo_detection__type_support.c
-- Installing: /home/yoonho/ABC2025_main_controller/src/install/my_msgs/include/my_msgs/msg/detail/depth_activated__type_support.c
-- Installing: /home/yoonho/ABC2025_main_controller/src/install/my_msgs/include/my_msgs/msg/detail/vehicle_state__type_support.c
-- Installing: /home/yoonho/ABC2025_main_controller/src/install/my_msgs/include/my_msgs/msg/detail/yolo_detection__rosidl_typesupport_introspection_c.h
-- Installing: /home/yoonho/ABC2025_main_controller/src/install/my_msgs/include/my_msgs/msg/detail/vehicle_state__rosidl_typesupport_introspection_c.h
-- Installing: /home/yoonho/ABC2025_main_controller/src/install/my_msgs/lib/libmy_msgs__rosidl_typesupport_introspection_c.so
-- Set non-toolchain portion of runtime path of "/home/yoonho/ABC2025_main_controller/src/install/my_msgs/lib/libmy_msgs__rosidl_typesupport_introspection_c.so" to ""
-- Installing: /home/yoonho/ABC2025_main_controller/src/install/my_msgs/lib/libmy_msgs__rosidl_typesupport_c.so
-- Set non-toolchain portion of runtime path of "/home/yoonho/ABC2025_main_controller/src/install/my_msgs/lib/libmy_msgs__rosidl_typesupport_c.so" to ""
-- Up-to-date: /home/yoonho/ABC2025_main_controller/src/install/my_msgs/include/my_msgs
-- Up-to-date: /home/yoonho/ABC2025_main_controller/src/install/my_msgs/include/my_msgs/msg
-- Installing: /home/yoonho/ABC2025_main_controller/src/install/my_msgs/include/my_msgs/msg/yolo_detection.hpp
-- Installing: /home/yoonho/ABC2025_main_controller/src/install/my_msgs/include/my_msgs/msg/vehicle_state.hpp
-- Installing: /home/yoonho/ABC2025_main_controller/src/install/my_msgs/include/my_msgs/msg/rosidl_generator_cpp__visibility_control.hpp
-- Installing: /home/yoonho/ABC2025_main_controller/src/install/my_msgs/include/my_msgs/msg/depth_activated.hpp
-- Up-to-date: /home/yoonho/ABC2025_main_controller/src/install/my_msgs/include/my_msgs/msg/detail
-- Installing: /home/yoonho/ABC2025_main_controller/src/install/my_msgs/include/my_msgs/msg/detail/yolo_detection__type_support.hpp
-- Installing: /home/yoonho/ABC2025_main_controller/src/install/my_msgs/include/my_msgs/msg/detail/vehicle_state__type_support.hpp
-- Installing: /home/yoonho/ABC2025_main_controller/src/install/my_msgs/include/my_msgs/msg/detail/yolo_detection__struct.hpp
-- Installing: /home/yoonho/ABC2025_main_controller/src/install/my_msgs/include/my_msgs/msg/detail/depth_activated__type_support.hpp
-- Installing: /home/yoonho/ABC2025_main_controller/src/install/my_msgs/include/my_msgs/msg/detail/vehicle_state__traits.hpp
-- Installing: /home/yoonho/ABC2025_main_controller/src/install/my_msgs/include/my_msgs/msg/detail/vehicle_state__struct.hpp
-- Installing: /home/yoonho/ABC2025_main_controller/src/install/my_msgs/include/my_msgs/msg/detail/yolo_detection__builder.hpp
-- Installing: /home/yoonho/ABC2025_main_controller/src/install/my_msgs/include/my_msgs/msg/detail/depth_activated__builder.hpp
-- Installing: /home/yoonho/ABC2025_main_controller/src/install/my_msgs/include/my_msgs/msg/detail/vehicle_state__builder.hpp
-- Installing: /home/yoonho/ABC2025_main_controller/src/install/my_msgs/include/my_msgs/msg/detail/depth_activated__traits.hpp
-- Installing: /home/yoonho/ABC2025_main_controller/src/install/my_msgs/include/my_msgs/msg/detail/depth_activated__struct.hpp
-- Installing: /home/yoonho/ABC2025_main_controller/src/install/my_msgs/include/my_msgs/msg/detail/yolo_detection__traits.hpp
-- Up-to-date: /home/yoonho/ABC2025_main_controller/src/install/my_msgs/include/my_msgs
-- Up-to-date: /home/yoonho/ABC2025_main_controller/src/install/my_msgs/include/my_msgs/msg
-- Up-to-date: /home/yoonho/ABC2025_main_controller/src/install/my_msgs/include/my_msgs/msg/detail
-- Installing: /home/yoonho/ABC2025_main_controller/src/install/my_msgs/include/my_msgs/msg/detail/yolo_detection__type_support.cpp
-- Installing: /home/yoonho/ABC2025_main_controller/src/install/my_msgs/include/my_msgs/msg/detail/depth_activated__type_support.cpp
-- Installing: /home/yoonho/ABC2025_main_controller/src/install/my_msgs/include/my_msgs/msg/detail/yolo_detection__rosidl_typesupport_introspection_cpp.hpp
-- Installing: /home/yoonho/ABC2025_main_controller/src/install/my_msgs/include/my_msgs/msg/detail/vehicle_state__rosidl_typesupport_introspection_cpp.hpp
-- Installing: /home/yoonho/ABC2025_main_controller/src/install/my_msgs/include/my_msgs/msg/detail/depth_activated__rosidl_typesupport_introspection_cpp.hpp
-- Installing: /home/yoonho/ABC2025_main_controller/src/install/my_msgs/include/my_msgs/msg/detail/vehicle_state__type_support.cpp
-- Installing: /home/yoonho/ABC2025_main_controller/src/install/my_msgs/lib/libmy_msgs__rosidl_typesupport_introspection_cpp.so
-- Set non-toolchain portion of runtime path of "/home/yoonho/ABC2025_main_controller/src/install/my_msgs/lib/libmy_msgs__rosidl_typesupport_introspection_cpp.so" to ""
-- Installing: /home/yoonho/ABC2025_main_controller/src/install/my_msgs/lib/libmy_msgs__rosidl_typesupport_cpp.so
-- Set non-toolchain portion of runtime path of "/home/yoonho/ABC2025_main_controller/src/install/my_msgs/lib/libmy_msgs__rosidl_typesupport_cpp.so" to ""
-- Installing: /home/yoonho/ABC2025_main_controller/src/install/my_msgs/share/my_msgs/environment/pythonpath.sh
-- Installing: /home/yoonho/ABC2025_main_controller/src/install/my_msgs/share/my_msgs/environment/pythonpath.dsv
-- Installing: /home/yoonho/ABC2025_main_controller/src/install/my_msgs/lib/python3.8/site-packages/my_msgs/__init__.py
Compiling '/home/yoonho/ABC2025_main_controller/src/install/my_msgs/lib/python3.8/site-packages/my_msgs/__init__.py'...
-- Installing: /home/yoonho/ABC2025_main_controller/src/install/my_msgs/lib/python3.8/site-packages/my_msgs/msg
-- Installing: /home/yoonho/ABC2025_main_controller/src/install/my_msgs/lib/python3.8/site-packages/my_msgs/msg/_depth_activated.py
-- Installing: /home/yoonho/ABC2025_main_controller/src/install/my_msgs/lib/python3.8/site-packages/my_msgs/msg/_depth_activated_s.c
-- Installing: /home/yoonho/ABC2025_main_controller/src/install/my_msgs/lib/python3.8/site-packages/my_msgs/msg/_yolo_detection.py
-- Installing: /home/yoonho/ABC2025_main_controller/src/install/my_msgs/lib/python3.8/site-packages/my_msgs/msg/_yolo_detection_s.c
-- Installing: /home/yoonho/ABC2025_main_controller/src/install/my_msgs/lib/python3.8/site-packages/my_msgs/msg/_vehicle_state.py
-- Installing: /home/yoonho/ABC2025_main_controller/src/install/my_msgs/lib/python3.8/site-packages/my_msgs/msg/__init__.py
-- Installing: /home/yoonho/ABC2025_main_controller/src/install/my_msgs/lib/python3.8/site-packages/my_msgs/msg/_vehicle_state_s.c
-- Installing: /home/yoonho/ABC2025_main_controller/src/install/my_msgs/lib/python3.8/site-packages/my_msgs/my_msgs_s__rosidl_typesupport_fastrtps_c.cpython-38-x86_64-linux-gnu.so
-- Set non-toolchain portion of runtime path of "/home/yoonho/ABC2025_main_controller/src/install/my_msgs/lib/python3.8/site-packages/my_msgs/my_msgs_s__rosidl_typesupport_fastrtps_c.cpython-38-x86_64-linux-gnu.so" to ""
-- Installing: /home/yoonho/ABC2025_main_controller/src/install/my_msgs/lib/python3.8/site-packages/my_msgs/my_msgs_s__rosidl_typesupport_introspection_c.cpython-38-x86_64-linux-gnu.so
-- Set non-toolchain portion of runtime path of "/home/yoonho/ABC2025_main_controller/src/install/my_msgs/lib/python3.8/site-packages/my_msgs/my_msgs_s__rosidl_typesupport_introspection_c.cpython-38-x86_64-linux-gnu.so" to ""
-- Installing: /home/yoonho/ABC2025_main_controller/src/install/my_msgs/lib/python3.8/site-packages/my_msgs/my_msgs_s__rosidl_typesupport_c.cpython-38-x86_64-linux-gnu.so
-- Set non-toolchain portion of runtime path of "/home/yoonho/ABC2025_main_controller/src/install/my_msgs/lib/python3.8/site-packages/my_msgs/my_msgs_s__rosidl_typesupport_c.cpython-38-x86_64-linux-gnu.so" to ""
-- Installing: /home/yoonho/ABC2025_main_controller/src/install/my_msgs/lib/libmy_msgs__python.so
-- Set non-toolchain portion of runtime path of "/home/yoonho/ABC2025_main_controller/src/install/my_msgs/lib/libmy_msgs__python.so" to ""
-- Installing: /home/yoonho/ABC2025_main_controller/src/install/my_msgs/share/my_msgs/msg/YoloDetection.idl
-- Installing: /home/yoonho/ABC2025_main_controller/src/install/my_msgs/share/my_msgs/msg/DepthActivated.idl
-- Installing: /home/yoonho/ABC2025_main_controller/src/install/my_msgs/share/my_msgs/msg/VehicleState.idl
-- Installing: /home/yoonho/ABC2025_main_controller/src/install/my_msgs/share/my_msgs/msg/YoloDetection.msg
-- Installing: /home/yoonho/ABC2025_main_controller/src/install/my_msgs/share/my_msgs/msg/DepthActivated.msg
-- Installing: /home/yoonho/ABC2025_main_controller/src/install/my_msgs/share/my_msgs/msg/VehicleState.msg
-- Installing: /home/yoonho/ABC2025_main_controller/src/install/my_msgs/share/ament_index/resource_index/package_run_dependencies/my_msgs
-- Installing: /home/yoonho/ABC2025_main_controller/src/install/my_msgs/share/ament_index/resource_index/parent_prefix_path/my_msgs
-- Installing: /home/yoonho/ABC2025_main_controller/src/install/my_msgs/share/my_msgs/environment/ament_prefix_path.sh
-- Installing: /home/yoonho/ABC2025_main_controller/src/install/my_msgs/share/my_msgs/environment/ament_prefix_path.dsv
-- Installing: /home/yoonho/ABC2025_main_controller/src/install/my_msgs/share/my_msgs/environment/path.sh
-- Installing: /home/yoonho/ABC2025_main_controller/src/install/my_msgs/share/my_msgs/environment/path.dsv
-- Installing: /home/yoonho/ABC2025_main_controller/src/install/my_msgs/share/my_msgs/local_setup.bash
-- Installing: /home/yoonho/ABC2025_main_controller/src/install/my_msgs/share/my_msgs/local_setup.sh
-- Installing: /home/yoonho/ABC2025_main_controller/src/install/my_msgs/share/my_msgs/local_setup.zsh
-- Installing: /home/yoonho/ABC2025_main_controller/src/install/my_msgs/share/my_msgs/local_setup.dsv
-- Installing: /home/yoonho/ABC2025_main_controller/src/install/my_msgs/share/my_msgs/package.dsv
-- Installing: /home/yoonho/ABC2025_main_controller/src/install/my_msgs/share/ament_index/resource_index/packages/my_msgs
-- Installing: /home/yoonho/ABC2025_main_controller/src/install/my_msgs/share/my_msgs/cmake/my_msgs__rosidl_generator_cExport.cmake
-- Installing: /home/yoonho/ABC2025_main_controller/src/install/my_msgs/share/my_msgs/cmake/my_msgs__rosidl_generator_cExport-noconfig.cmake
-- Installing: /home/yoonho/ABC2025_main_controller/src/install/my_msgs/share/my_msgs/cmake/my_msgs__rosidl_typesupport_introspection_cExport.cmake
-- Installing: /home/yoonho/ABC2025_main_controller/src/install/my_msgs/share/my_msgs/cmake/my_msgs__rosidl_typesupport_introspection_cExport-noconfig.cmake
-- Installing: /home/yoonho/ABC2025_main_controller/src/install/my_msgs/share/my_msgs/cmake/my_msgs__rosidl_typesupport_cExport.cmake
-- Installing: /home/yoonho/ABC2025_main_controller/src/install/my_msgs/share/my_msgs/cmake/my_msgs__rosidl_typesupport_cExport-noconfig.cmake
-- Installing: /home/yoonho/ABC2025_main_controller/src/install/my_msgs/share/my_msgs/cmake/my_msgs__rosidl_generator_cppExport.cmake
-- Installing: /home/yoonho/ABC2025_main_controller/src/install/my_msgs/share/my_msgs/cmake/my_msgs__rosidl_typesupport_introspection_cppExport.cmake
-- Installing: /home/yoonho/ABC2025_main_controller/src/install/my_msgs/share/my_msgs/cmake/my_msgs__rosidl_typesupport_introspection_cppExport-noconfig.cmake
-- Installing: /home/yoonho/ABC2025_main_controller/src/install/my_msgs/share/my_msgs/cmake/my_msgs__rosidl_typesupport_cppExport.cmake
-- Installing: /home/yoonho/ABC2025_main_controller/src/install/my_msgs/share/my_msgs/cmake/my_msgs__rosidl_typesupport_cppExport-noconfig.cmake
-- Installing: /home/yoonho/ABC2025_main_controller/src/install/my_msgs/share/my_msgs/cmake/rosidl_cmake-extras.cmake
-- Installing: /home/yoonho/ABC2025_main_controller/src/install/my_msgs/share/my_msgs/cmake/ament_cmake_export_dependencies-extras.cmake
-- Installing: /home/yoonho/ABC2025_main_controller/src/install/my_msgs/share/my_msgs/cmake/ament_cmake_export_libraries-extras.cmake
-- Installing: /home/yoonho/ABC2025_main_controller/src/install/my_msgs/share/my_msgs/cmake/ament_cmake_export_targets-extras.cmake
-- Installing: /home/yoonho/ABC2025_main_controller/src/install/my_msgs/share/my_msgs/cmake/ament_cmake_export_include_directories-extras.cmake
-- Installing: /home/yoonho/ABC2025_main_controller/src/install/my_msgs/share/my_msgs/cmake/rosidl_cmake_export_typesupport_libraries-extras.cmake
-- Installing: /home/yoonho/ABC2025_main_controller/src/install/my_msgs/share/my_msgs/cmake/rosidl_cmake_export_typesupport_targets-extras.cmake
-- Installing: /home/yoonho/ABC2025_main_controller/src/install/my_msgs/share/my_msgs/cmake/my_msgsConfig.cmake
-- Installing: /home/yoonho/ABC2025_main_controller/src/install/my_msgs/share/my_msgs/cmake/my_msgsConfig-version.cmake
-- Installing: /home/yoonho/ABC2025_main_controller/src/install/my_msgs/share/my_msgs/package.xml
